2020-11-12 09:22:20,747 INFO [Test worker] o.s.b.t.c.SpringBootTestContextBootstrapper [AbstractTestContextBootstrapper.java:308] Neither @ContextConfiguration nor @ContextHierarchy found for test class [org.dell.kube.pagesapi.HomeApiTest], using SpringBootContextLoader
2020-11-12 09:22:20,757 INFO [Test worker] o.s.t.c.s.AbstractContextLoader [AbstractContextLoader.java:264] Could not detect default resource locations for test class [org.dell.kube.pagesapi.HomeApiTest]: no resource found for suffixes {-context.xml, Context.groovy}.
2020-11-12 09:22:20,898 INFO [Test worker] o.s.b.t.c.SpringBootTestContextBootstrapper [AbstractTestContextBootstrapper.java:248] Loaded default TestExecutionListener class names from location [META-INF/spring.factories]: [org.springframework.boot.test.autoconfigure.restdocs.RestDocsTestExecutionListener, org.springframework.boot.test.autoconfigure.web.client.MockRestServiceServerResetTestExecutionListener, org.springframework.boot.test.autoconfigure.web.servlet.MockMvcPrintOnlyOnFailureTestExecutionListener, org.springframework.boot.test.autoconfigure.web.servlet.WebDriverTestExecutionListener, org.springframework.boot.test.autoconfigure.webservices.client.MockWebServiceServerTestExecutionListener, org.springframework.boot.test.mock.mockito.MockitoTestExecutionListener, org.springframework.boot.test.mock.mockito.ResetMocksTestExecutionListener, org.springframework.test.context.web.ServletTestExecutionListener, org.springframework.test.context.support.DirtiesContextBeforeModesTestExecutionListener, org.springframework.test.context.support.DependencyInjectionTestExecutionListener, org.springframework.test.context.support.DirtiesContextTestExecutionListener, org.springframework.test.context.transaction.TransactionalTestExecutionListener, org.springframework.test.context.jdbc.SqlScriptsTestExecutionListener, org.springframework.test.context.event.EventPublishingTestExecutionListener]
2020-11-12 09:22:20,911 INFO [Test worker] o.s.b.t.c.SpringBootTestContextBootstrapper [AbstractTestContextBootstrapper.java:177] Using TestExecutionListeners: [org.springframework.test.context.web.ServletTestExecutionListener@2728447, org.springframework.test.context.support.DirtiesContextBeforeModesTestExecutionListener@7aabcd3d, org.springframework.boot.test.mock.mockito.MockitoTestExecutionListener@4fef60b0, org.springframework.boot.test.autoconfigure.SpringBootDependencyInjectionTestExecutionListener@56f03ea7, org.springframework.test.context.support.DirtiesContextTestExecutionListener@40b6d882, org.springframework.test.context.transaction.TransactionalTestExecutionListener@6450378c, org.springframework.test.context.jdbc.SqlScriptsTestExecutionListener@508e3156, org.springframework.test.context.event.EventPublishingTestExecutionListener@75c38e6, org.springframework.boot.test.autoconfigure.restdocs.RestDocsTestExecutionListener@71d89247, org.springframework.boot.test.autoconfigure.web.client.MockRestServiceServerResetTestExecutionListener@14d127a7, org.springframework.boot.test.autoconfigure.web.servlet.MockMvcPrintOnlyOnFailureTestExecutionListener@35f4b0ea, org.springframework.boot.test.autoconfigure.web.servlet.WebDriverTestExecutionListener@530935ba, org.springframework.boot.test.autoconfigure.webservices.client.MockWebServiceServerTestExecutionListener@66f6cf36, org.springframework.boot.test.mock.mockito.ResetMocksTestExecutionListener@7b073050]
2020-11-12 09:22:21,249 INFO [Test worker] o.d.k.p.HomeApiTest [StartupInfoLogger.java:55] Starting HomeApiTest on lin01 with PID 4028 (started by student in /home/student/workspace/pages)
2020-11-12 09:22:21,250 INFO [Test worker] o.d.k.p.HomeApiTest [SpringApplication.java:651] No active profile set, falling back to default profiles: default
2020-11-12 09:22:23,052 INFO [Test worker] o.s.b.w.e.t.TomcatWebServer [TomcatWebServer.java:108] Tomcat initialized with port(s): 0 (http)
2020-11-12 09:22:23,065 INFO [Test worker] o.a.c.h.Http11NioProtocol [DirectJDKLog.java:173] Initializing ProtocolHandler ["http-nio-auto-1"]
2020-11-12 09:22:23,067 INFO [Test worker] o.a.c.c.StandardService [DirectJDKLog.java:173] Starting service [Tomcat]
2020-11-12 09:22:23,068 INFO [Test worker] o.a.c.c.StandardEngine [DirectJDKLog.java:173] Starting Servlet engine: [Apache Tomcat/9.0.36]
2020-11-12 09:22:23,161 INFO [Test worker] o.a.c.c.C.[.[.[/] [DirectJDKLog.java:173] Initializing Spring embedded WebApplicationContext
2020-11-12 09:22:23,162 INFO [Test worker] o.s.b.w.s.c.ServletWebServerApplicationContext [ServletWebServerApplicationContext.java:285] Root WebApplicationContext: initialization completed in 1895 ms
2020-11-12 09:22:23,775 INFO [Test worker] o.s.s.c.ThreadPoolTaskExecutor [ExecutorConfigurationSupport.java:181] Initializing ExecutorService 'applicationTaskExecutor'
2020-11-12 09:22:24,282 INFO [Test worker] o.s.b.a.e.w.EndpointLinksResolver [EndpointLinksResolver.java:58] Exposing 2 endpoint(s) beneath base path '/actuator'
2020-11-12 09:22:24,333 INFO [Test worker] o.a.c.h.Http11NioProtocol [DirectJDKLog.java:173] Starting ProtocolHandler ["http-nio-auto-1"]
2020-11-12 09:22:24,367 INFO [Test worker] o.s.b.w.e.t.TomcatWebServer [TomcatWebServer.java:220] Tomcat started on port(s): 35673 (http) with context path ''
2020-11-12 09:22:24,385 INFO [Test worker] o.d.k.p.HomeApiTest [StartupInfoLogger.java:61] Started HomeApiTest in 3.439 seconds (JVM running for 4.804)
2020-11-12 09:22:24,835 INFO [http-nio-auto-1-exec-1] o.a.c.c.C.[.[.[/] [DirectJDKLog.java:173] Initializing Spring DispatcherServlet 'dispatcherServlet'
2020-11-12 09:22:24,837 INFO [http-nio-auto-1-exec-1] o.s.w.s.DispatcherServlet [FrameworkServlet.java:525] Initializing Servlet 'dispatcherServlet'
2020-11-12 09:22:24,854 INFO [http-nio-auto-1-exec-1] o.s.w.s.DispatcherServlet [FrameworkServlet.java:547] Completed initialization in 17 ms
2020-11-12 09:22:24,993 INFO [http-nio-auto-1-exec-2] c.z.h.HikariDataSource [HikariDataSource.java:110] HikariPool-1 - Starting...
2020-11-12 09:22:25,153 INFO [http-nio-auto-1-exec-2] c.z.h.HikariDataSource [HikariDataSource.java:123] HikariPool-1 - Start completed.
2020-11-12 09:22:25,235 INFO [Test worker] o.s.b.t.c.SpringBootTestContextBootstrapper [AbstractTestContextBootstrapper.java:308] Neither @ContextConfiguration nor @ContextHierarchy found for test class [org.dell.kube.pagesapi.PageApiTest], using SpringBootContextLoader
2020-11-12 09:22:25,237 INFO [Test worker] o.s.t.c.s.AbstractContextLoader [AbstractContextLoader.java:264] Could not detect default resource locations for test class [org.dell.kube.pagesapi.PageApiTest]: no resource found for suffixes {-context.xml, Context.groovy}.
2020-11-12 09:22:25,244 INFO [Test worker] o.s.b.t.c.SpringBootTestContextBootstrapper [AbstractTestContextBootstrapper.java:248] Loaded default TestExecutionListener class names from location [META-INF/spring.factories]: [org.springframework.boot.test.autoconfigure.restdocs.RestDocsTestExecutionListener, org.springframework.boot.test.autoconfigure.web.client.MockRestServiceServerResetTestExecutionListener, org.springframework.boot.test.autoconfigure.web.servlet.MockMvcPrintOnlyOnFailureTestExecutionListener, org.springframework.boot.test.autoconfigure.web.servlet.WebDriverTestExecutionListener, org.springframework.boot.test.autoconfigure.webservices.client.MockWebServiceServerTestExecutionListener, org.springframework.boot.test.mock.mockito.MockitoTestExecutionListener, org.springframework.boot.test.mock.mockito.ResetMocksTestExecutionListener, org.springframework.test.context.web.ServletTestExecutionListener, org.springframework.test.context.support.DirtiesContextBeforeModesTestExecutionListener, org.springframework.test.context.support.DependencyInjectionTestExecutionListener, org.springframework.test.context.support.DirtiesContextTestExecutionListener, org.springframework.test.context.transaction.TransactionalTestExecutionListener, org.springframework.test.context.jdbc.SqlScriptsTestExecutionListener, org.springframework.test.context.event.EventPublishingTestExecutionListener]
2020-11-12 09:22:25,245 INFO [Test worker] o.s.b.t.c.SpringBootTestContextBootstrapper [AbstractTestContextBootstrapper.java:177] Using TestExecutionListeners: [org.springframework.test.context.web.ServletTestExecutionListener@1f296630, org.springframework.test.context.support.DirtiesContextBeforeModesTestExecutionListener@aa6b230, org.springframework.boot.test.mock.mockito.MockitoTestExecutionListener@3327d5f0, org.springframework.boot.test.autoconfigure.SpringBootDependencyInjectionTestExecutionListener@290a5163, org.springframework.test.context.support.DirtiesContextTestExecutionListener@7d46aa94, org.springframework.test.context.transaction.TransactionalTestExecutionListener@42cea03e, org.springframework.test.context.jdbc.SqlScriptsTestExecutionListener@4f4b65c2, org.springframework.test.context.event.EventPublishingTestExecutionListener@34b1b401, org.springframework.boot.test.autoconfigure.restdocs.RestDocsTestExecutionListener@7cebba09, org.springframework.boot.test.autoconfigure.web.client.MockRestServiceServerResetTestExecutionListener@4b933afa, org.springframework.boot.test.autoconfigure.web.servlet.MockMvcPrintOnlyOnFailureTestExecutionListener@5f62233f, org.springframework.boot.test.autoconfigure.web.servlet.WebDriverTestExecutionListener@664a956e, org.springframework.boot.test.autoconfigure.webservices.client.MockWebServiceServerTestExecutionListener@47d0405c, org.springframework.boot.test.mock.mockito.ResetMocksTestExecutionListener@1546e6b6]
2020-11-12 09:22:25,341 INFO [http-nio-auto-1-exec-3] o.d.k.p.PageController [PageController.java:20] CREATE-INFO:Creating a new page
2020-11-12 09:22:25,389 INFO [http-nio-auto-1-exec-3] o.d.k.p.PageController [PageController.java:23] CREATE-INFO:Created a new page with id = 1
2020-11-12 09:22:25,400 INFO [http-nio-auto-1-exec-4] o.d.k.p.PageController [PageController.java:41] LIST-INFO:Fetching all pages
2020-11-12 09:22:25,473 INFO [http-nio-auto-1-exec-5] o.d.k.p.PageController [PageController.java:20] CREATE-INFO:Creating a new page
2020-11-12 09:22:25,479 INFO [http-nio-auto-1-exec-5] o.d.k.p.PageController [PageController.java:23] CREATE-INFO:Created a new page with id = 1
2020-11-12 09:22:25,496 INFO [http-nio-auto-1-exec-6] o.d.k.p.PageController [PageController.java:29] READ-INFO:Fetching page with id = 1
2020-11-12 09:22:25,530 INFO [http-nio-auto-1-exec-7] o.d.k.p.PageController [PageController.java:20] CREATE-INFO:Creating a new page
2020-11-12 09:22:25,537 INFO [http-nio-auto-1-exec-7] o.d.k.p.PageController [PageController.java:23] CREATE-INFO:Created a new page with id = 1
2020-11-12 09:22:25,578 INFO [http-nio-auto-1-exec-8] o.d.k.p.PageController [PageController.java:20] CREATE-INFO:Creating a new page
2020-11-12 09:22:25,585 INFO [http-nio-auto-1-exec-8] o.d.k.p.PageController [PageController.java:23] CREATE-INFO:Created a new page with id = 1
2020-11-12 09:22:25,590 INFO [http-nio-auto-1-exec-9] o.d.k.p.PageController [PageController.java:63] DELETE-INFO:Deleting the page with id = 1
2020-11-12 09:22:25,597 INFO [http-nio-auto-1-exec-9] o.d.k.p.PageController [PageController.java:66] DELETE-INFO:Deleted the page with id = 1
2020-11-12 09:22:25,603 INFO [http-nio-auto-1-exec-10] o.d.k.p.PageController [PageController.java:29] READ-INFO:Fetching page with id = 1
2020-11-12 09:22:25,605 ERROR [http-nio-auto-1-exec-10] o.d.k.p.PageController [PageController.java:35] READ-ERROR:Could not find page with id = 1
2020-11-12 09:22:25,641 INFO [http-nio-auto-1-exec-1] o.d.k.p.PageController [PageController.java:20] CREATE-INFO:Creating a new page
2020-11-12 09:22:25,648 INFO [http-nio-auto-1-exec-1] o.d.k.p.PageController [PageController.java:23] CREATE-INFO:Created a new page with id = 1
2020-11-12 09:22:25,654 INFO [http-nio-auto-1-exec-2] o.d.k.p.PageController [PageController.java:48] UPDATE-INFO:Updating the page with id = 1
2020-11-12 09:22:25,661 INFO [http-nio-auto-1-exec-2] o.d.k.p.PageController [PageController.java:52] UPDATE-INFO:Updated the page with id = 1
2020-11-12 09:22:25,668 INFO [Test worker] o.s.b.t.c.SpringBootTestContextBootstrapper [AbstractTestContextBootstrapper.java:308] Neither @ContextConfiguration nor @ContextHierarchy found for test class [org.dell.kube.pages.MySqlPageRepositoryTest], using SpringBootContextLoader
2020-11-12 09:22:25,670 INFO [Test worker] o.s.t.c.s.AbstractContextLoader [AbstractContextLoader.java:264] Could not detect default resource locations for test class [org.dell.kube.pages.MySqlPageRepositoryTest]: no resource found for suffixes {-context.xml, Context.groovy}.
2020-11-12 09:22:25,671 INFO [Test worker] o.s.t.c.s.AnnotationConfigContextLoaderUtils [AnnotationConfigContextLoaderUtils.java:83] Could not detect default configuration classes for test class [org.dell.kube.pages.MySqlPageRepositoryTest]: MySqlPageRepositoryTest does not declare any static, non-private, non-final, nested classes annotated with @Configuration.
2020-11-12 09:22:25,682 INFO [Test worker] o.s.b.t.c.SpringBootTestContextBootstrapper [SpringBootTestContextBootstrapper.java:237] Found @SpringBootConfiguration org.dell.kube.pages.PageApplication for test class org.dell.kube.pages.MySqlPageRepositoryTest
2020-11-12 09:22:25,684 INFO [Test worker] o.s.b.t.c.SpringBootTestContextBootstrapper [AbstractTestContextBootstrapper.java:248] Loaded default TestExecutionListener class names from location [META-INF/spring.factories]: [org.springframework.boot.test.autoconfigure.restdocs.RestDocsTestExecutionListener, org.springframework.boot.test.autoconfigure.web.client.MockRestServiceServerResetTestExecutionListener, org.springframework.boot.test.autoconfigure.web.servlet.MockMvcPrintOnlyOnFailureTestExecutionListener, org.springframework.boot.test.autoconfigure.web.servlet.WebDriverTestExecutionListener, org.springframework.boot.test.autoconfigure.webservices.client.MockWebServiceServerTestExecutionListener, org.springframework.boot.test.mock.mockito.MockitoTestExecutionListener, org.springframework.boot.test.mock.mockito.ResetMocksTestExecutionListener, org.springframework.test.context.web.ServletTestExecutionListener, org.springframework.test.context.support.DirtiesContextBeforeModesTestExecutionListener, org.springframework.test.context.support.DependencyInjectionTestExecutionListener, org.springframework.test.context.support.DirtiesContextTestExecutionListener, org.springframework.test.context.transaction.TransactionalTestExecutionListener, org.springframework.test.context.jdbc.SqlScriptsTestExecutionListener, org.springframework.test.context.event.EventPublishingTestExecutionListener]
2020-11-12 09:22:25,685 INFO [Test worker] o.s.b.t.c.SpringBootTestContextBootstrapper [AbstractTestContextBootstrapper.java:177] Using TestExecutionListeners: [org.springframework.test.context.web.ServletTestExecutionListener@3372a774, org.springframework.test.context.support.DirtiesContextBeforeModesTestExecutionListener@5ed5d9d, org.springframework.boot.test.mock.mockito.MockitoTestExecutionListener@353547f1, org.springframework.boot.test.autoconfigure.SpringBootDependencyInjectionTestExecutionListener@5d6df6d7, org.springframework.test.context.support.DirtiesContextTestExecutionListener@7b82b309, org.springframework.test.context.transaction.TransactionalTestExecutionListener@146c1851, org.springframework.test.context.jdbc.SqlScriptsTestExecutionListener@bf9dfe2, org.springframework.test.context.event.EventPublishingTestExecutionListener@39105b04, org.springframework.boot.test.autoconfigure.restdocs.RestDocsTestExecutionListener@57e4add4, org.springframework.boot.test.autoconfigure.web.client.MockRestServiceServerResetTestExecutionListener@233e99e9, org.springframework.boot.test.autoconfigure.web.servlet.MockMvcPrintOnlyOnFailureTestExecutionListener@667d54a3, org.springframework.boot.test.autoconfigure.web.servlet.WebDriverTestExecutionListener@5d8eeb13, org.springframework.boot.test.autoconfigure.webservices.client.MockWebServiceServerTestExecutionListener@2f76677b, org.springframework.boot.test.mock.mockito.ResetMocksTestExecutionListener@785042ad]
2020-11-12 09:22:25,711 INFO [Test worker] o.d.k.p.MySqlPageRepositoryTest [StartupInfoLogger.java:55] Starting MySqlPageRepositoryTest on lin01 with PID 4028 (started by student in /home/student/workspace/pages)
2020-11-12 09:22:25,712 INFO [Test worker] o.d.k.p.MySqlPageRepositoryTest [SpringApplication.java:651] No active profile set, falling back to default profiles: default
2020-11-12 09:22:26,418 INFO [Test worker] o.s.s.c.ThreadPoolTaskExecutor [ExecutorConfigurationSupport.java:181] Initializing ExecutorService 'applicationTaskExecutor'
2020-11-12 09:22:26,633 INFO [Test worker] o.s.b.a.e.w.EndpointLinksResolver [EndpointLinksResolver.java:58] Exposing 2 endpoint(s) beneath base path '/actuator'
2020-11-12 09:22:26,664 INFO [Test worker] o.d.k.p.MySqlPageRepositoryTest [StartupInfoLogger.java:61] Started MySqlPageRepositoryTest in 0.974 seconds (JVM running for 7.083)
2020-11-12 09:22:26,675 INFO [Test worker] c.z.h.HikariDataSource [HikariDataSource.java:110] HikariPool-2 - Starting...
2020-11-12 09:22:26,679 INFO [Test worker] c.z.h.HikariDataSource [HikariDataSource.java:123] HikariPool-2 - Start completed.
2020-11-12 09:22:26,933 INFO [Test worker] o.d.k.p.PageController [PageController.java:41] LIST-INFO:Fetching all pages
2020-11-12 09:22:26,950 INFO [Test worker] o.d.k.p.PageController [PageController.java:29] READ-INFO:Fetching page with id = 1
2020-11-12 09:22:26,955 INFO [Test worker] o.d.k.p.PageController [PageController.java:29] READ-INFO:Fetching page with id = 1
2020-11-12 09:22:26,956 ERROR [Test worker] o.d.k.p.PageController [PageController.java:35] READ-ERROR:Could not find page with id = 1
2020-11-12 09:22:26,959 INFO [Test worker] o.d.k.p.PageController [PageController.java:48] UPDATE-INFO:Updating the page with id = 1
2020-11-12 09:22:26,960 ERROR [Test worker] o.d.k.p.PageController [PageController.java:57] UPDATE-ERROR:Could not update the page with id = 1
2020-11-12 09:22:26,962 INFO [Test worker] o.d.k.p.PageController [PageController.java:20] CREATE-INFO:Creating a new page
2020-11-12 09:22:26,963 INFO [Test worker] o.d.k.p.PageController [PageController.java:23] CREATE-INFO:Created a new page with id = 1
2020-11-12 09:22:26,965 INFO [Test worker] o.d.k.p.PageController [PageController.java:63] DELETE-INFO:Deleting the page with id = 1
2020-11-12 09:22:26,966 INFO [Test worker] o.d.k.p.PageController [PageController.java:66] DELETE-INFO:Deleted the page with id = 1
2020-11-12 09:22:26,969 INFO [Test worker] o.d.k.p.PageController [PageController.java:48] UPDATE-INFO:Updating the page with id = 1
2020-11-12 09:22:26,969 INFO [Test worker] o.d.k.p.PageController [PageController.java:52] UPDATE-INFO:Updated the page with id = 1
2020-11-12 09:22:27,012 INFO [SpringContextShutdownHook] o.s.s.c.ThreadPoolTaskExecutor [ExecutorConfigurationSupport.java:218] Shutting down ExecutorService 'applicationTaskExecutor'
2020-11-12 09:22:27,022 INFO [SpringContextShutdownHook] c.z.h.HikariDataSource [HikariDataSource.java:350] HikariPool-2 - Shutdown initiated...
2020-11-12 09:22:27,072 INFO [SpringContextShutdownHook] c.z.h.HikariDataSource [HikariDataSource.java:352] HikariPool-2 - Shutdown completed.
2020-11-12 09:22:27,076 INFO [SpringContextShutdownHook] o.s.s.c.ThreadPoolTaskExecutor [ExecutorConfigurationSupport.java:218] Shutting down ExecutorService 'applicationTaskExecutor'
2020-11-12 09:22:27,077 INFO [SpringContextShutdownHook] c.z.h.HikariDataSource [HikariDataSource.java:350] HikariPool-1 - Shutdown initiated...
2020-11-12 09:22:27,089 INFO [SpringContextShutdownHook] c.z.h.HikariDataSource [HikariDataSource.java:352] HikariPool-1 - Shutdown completed.
